[2018-11-13T18:55:17.405] [INFO] SocketCluster - DBpGkpYNlQavfIEtAAAA ::1 {"EIO":"3","transport":"websocket"}
[2018-11-13T18:57:04.399] [INFO] index - 
[2018-11-13T18:57:08.394] [INFO] SocketCluster - i8koLXO6w435zBSgAAAA ::1 {"EIO":"3","transport":"websocket"}
[2018-11-13T18:59:50.512] [INFO] index - 
[2018-11-13T18:59:51.394] [INFO] SocketCluster - jvGrwcsnsEg9VnAzAAAA ::1 {"EIO":"3","transport":"websocket"}
[2018-11-13T18:59:52.801] [WARN] SocketCluster - 3333 张三 { id: 1007, label: '女帝威严' }
[2018-11-13T19:00:32.467] [INFO] index - 
[2018-11-13T19:00:33.395] [INFO] SocketCluster - R6oOoaEGVia4h4BnAAAA ::1 {"EIO":"3","transport":"websocket"}
[2018-11-13T19:00:35.775] [WARN] SocketCluster - 张三 { id: 1005, label: '天命之女' }
[2018-11-13T19:04:59.174] [INFO] SocketCluster - kdorgesz9VMmPmcHAAAB ::1 {"EIO":"3","transport":"websocket"}
[2018-11-13T19:05:01.599] [WARN] SocketCluster -  { id: 1005, label: '天命之女' }
[2018-11-13T19:05:03.116] [WARN] SocketCluster - 666 { id: 1003, label: '天命之女' }
[2018-11-13T19:07:45.569] [INFO] SocketCluster - ohcA59KZI1CvgaKHAAAC ::1 {"EIO":"3","transport":"websocket"}
[2018-11-13T19:08:03.877] [INFO] SocketCluster - zmbWSAlb8RK-yr6dAAAD ::1 {"EIO":"3","transport":"websocket"}
[2018-11-13T19:09:40.520] [INFO] SocketCluster - 5rSihw72zZ2eGG3tAAAE ::1 {"EIO":"3","transport":"websocket"}
[2018-11-13T19:10:26.612] [INFO] SocketCluster - 2iyNMrx9HAnHXUgBAAAF ::1 {"EIO":"3","transport":"websocket"}
[2018-11-13T19:12:12.116] [INFO] SocketCluster - QNA_tmUNDtXUTJvpAAAG ::1 {"EIO":"3","transport":"websocket"}
[2018-11-13T19:14:46.258] [INFO] SocketCluster - IlGqYBk977z3d1qGAAAH ::1 {"EIO":"3","transport":"websocket"}
[2018-11-13T19:15:30.872] [INFO] SocketCluster - Dh4mrjAksQdpmU3wAAAI ::1 {"EIO":"3","transport":"websocket"}
[2018-11-13T19:17:07.451] [INFO] SocketCluster - eAs74mLDczmgMG_AAAAJ ::1 {"EIO":"3","transport":"websocket"}
[2018-11-13T19:17:30.584] [INFO] SocketCluster - GZLCq8qG6iQ3DFtNAAAK ::1 {"EIO":"3","transport":"websocket"}
[2018-11-13T19:18:04.211] [WARN] SocketCluster - 66 { id: 1005, label: '天命之女' }
[2018-11-13T19:18:06.236] [WARN] SocketCluster - 66565656 { id: 1002, label: '逆流之时' }
[2018-11-13T19:18:09.327] [INFO] SocketCluster - lfdD1yjBFPyTJpxFAAAL ::1 {"EIO":"3","transport":"websocket"}
[2018-11-13T19:18:11.326] [WARN] SocketCluster - 555 { id: 1007, label: '女帝威严' }
[2018-11-13T19:20:00.503] [INFO] SocketCluster - xneeA-asT3skJsrKAAAM ::1 {"EIO":"3","transport":"websocket"}
[2018-11-13T19:20:53.107] [INFO] SocketCluster - vL0dNFH_JlBEJ5RnAAAN ::1 {"EIO":"3","transport":"websocket"}
[2018-11-13T19:20:56.716] [WARN] SocketCluster - 6665656 { id: 1007, label: '女帝威严' }
[2018-11-13T19:21:01.342] [WARN] SocketCluster - 6665656 { id: 1004, label: '冰雪之华' }
[2018-11-13T19:21:01.903] [WARN] SocketCluster - 6665656 { id: 1007, label: '女帝威严' }
[2018-11-13T19:21:02.422] [WARN] SocketCluster - 6665656 { id: 1005, label: '天命之女' }
[2018-11-13T19:21:02.901] [WARN] SocketCluster - 6665656 { id: 1001, label: '大唐名探' }
[2018-11-13T19:21:03.413] [WARN] SocketCluster - 6665656 { id: 1003, label: '天命之女' }
[2018-11-13T19:21:38.452] [WARN] SocketCluster - tgg { id: 1002, label: '逆流之时' }
[2018-11-13T19:21:46.262] [WARN] SocketCluster - tgg { id: 1004, label: '冰雪之华' }
[2018-11-13T19:22:24.098] [INFO] index - 
[2018-11-13T19:22:25.423] [INFO] SocketCluster - OdFw1sT3JYRDVS03AAAA ::1 {"EIO":"3","transport":"websocket"}
[2018-11-13T19:22:27.271] [INFO] SocketCluster - g8C5JHLywbHoqSueAAAB ::1 {"EIO":"3","transport":"websocket"}
[2018-11-13T19:23:24.415] [INFO] index - 
[2018-11-13T19:23:29.424] [INFO] SocketCluster - 9FEEdeRI3kNMmhMoAAAA ::1 {"EIO":"3","transport":"websocket"}
[2018-11-13T19:23:41.431] [INFO] index - 
[2018-11-13T19:23:42.440] [INFO] SocketCluster - sd5jCP5i39PY4TCSAAAA ::1 {"EIO":"3","transport":"websocket"}
[2018-11-13T19:24:06.375] [INFO] index - 
[2018-11-13T19:24:08.263] [INFO] SocketCluster - gWolQrC0lXzRu4ofAAAA ::1 {"EIO":"3","transport":"websocket"}
[2018-11-13T19:24:08.973] [INFO] SocketCluster - { id: 1001, label: '大唐名探' }
[2018-11-13T19:24:30.391] [INFO] index - 
[2018-11-13T19:24:33.725] [INFO] SocketCluster - eSB2a03_hVxVffkBAAAA ::1 {"EIO":"3","transport":"websocket"}
[2018-11-13T19:24:33.733] [INFO] SocketCluster - 1005 '天命之女'
[2018-11-13T19:25:19.324] [INFO] index - 
[2018-11-13T19:25:20.351] [INFO] SocketCluster - 1TIig3PH9v7P3nIIAAAA ::1 {"EIO":"3","transport":"websocket"}
[2018-11-13T19:25:21.918] [INFO] SocketCluster - 1004 '冰雪之华'
[2018-11-13T19:25:44.073] [INFO] index - 
[2018-11-13T19:25:47.427] [INFO] SocketCluster - _YA7ELUEVdIbzzADAAAA ::1 {"EIO":"3","transport":"websocket"}
[2018-11-13T19:25:47.435] [INFO] SocketCluster - 1006 '女帝辉光'
[2018-11-13T19:26:08.124] [INFO] index - 
[2018-11-13T19:26:08.441] [INFO] SocketCluster - K2DN3ZVUr_qDC0yqAAAA ::1 {"EIO":"3","transport":"websocket"}
[2018-11-13T19:26:09.603] [INFO] SocketCluster - 1006 '女帝辉光'
[2018-11-13T19:26:39.212] [INFO] index - 
[2018-11-13T19:26:40.740] [INFO] SocketCluster - 04iyTZyURUZrWuEPAAAA ::1 {"EIO":"3","transport":"websocket"}
[2018-11-13T19:26:40.770] [INFO] SocketCluster - 1004 '冰雪之华'
[2018-11-13T19:28:13.953] [INFO] index - 
[2018-11-13T19:28:15.444] [INFO] SocketCluster - L_GfUJl48K6uogsIAAAA ::1 {"EIO":"3","transport":"websocket"}
[2018-11-13T19:28:37.201] [INFO] index - 
[2018-11-13T19:28:41.770] [INFO] SocketCluster - Kd-PpGxZkkpg2BFnAAAA ::1 {"EIO":"3","transport":"websocket"}
[2018-11-13T19:29:06.703] [INFO] index - 
[2018-11-13T19:29:08.161] [INFO] SocketCluster - P33OlVJXLpFrIibDAAAA ::1 {"EIO":"3","transport":"websocket"}
[2018-11-13T19:29:21.811] [INFO] index - 
[2018-11-13T19:29:26.752] [INFO] SocketCluster - B5_8CC6jJewZOQv8AAAA ::1 {"EIO":"3","transport":"websocket"}
[2018-11-13T19:29:26.764] [INFO] SocketCluster - 1006 '777' { id: 1006, label: '女帝辉光' }
[2018-11-13T19:29:26.766] [INFO] SocketCluster - 1005 '777' { id: 1005, label: '天命之女' }
[2018-11-13T19:29:26.767] [INFO] SocketCluster - 1003 '777' { id: 1003, label: '天命之女' }
[2018-11-13T19:29:26.768] [INFO] SocketCluster - 1004 '777' { id: 1004, label: '冰雪之华' }
[2018-11-13T19:29:32.454] [INFO] SocketCluster - 1004 '777' { id: 1004, label: '冰雪之华' }
[2018-11-13T19:29:37.047] [INFO] SocketCluster - 1005 '777' { id: 1005, label: '天命之女' }
[2018-11-13T19:30:52.151] [INFO] index - 
[2018-11-13T19:30:52.230] [INFO] SocketCluster - nEn4iNsBmL0-V5HpAAAA 127.0.0.1 {"EIO":"3","transport":"websocket"}
[2018-11-13T19:30:54.979] [INFO] SocketCluster - 1006 '777' { id: 1006, label: '女帝辉光' }
[2018-11-13T19:31:14.474] [INFO] index - 
[2018-11-13T19:31:15.438] [INFO] SocketCluster - Q04S78sLHF5WeVu2AAAA ::1 {"EIO":"3","transport":"websocket"}
[2018-11-13T19:31:17.056] [INFO] SocketCluster - 1004 '777' { id: 1004, label: '冰雪之华' }
[2018-11-13T19:31:20.974] [INFO] SocketCluster - 1003 '777' { id: 1003, label: '天命之女' }
[2018-11-13T19:31:26.668] [INFO] index - 
[2018-11-13T19:31:27.454] [INFO] SocketCluster - 5JCx3S9kT9JPDydwAAAA ::1 {"EIO":"3","transport":"websocket"}
[2018-11-13T19:31:29.191] [INFO] SocketCluster - 1007 '777' { id: 1007, label: '女帝威严' }
[2018-11-13T19:32:00.023] [INFO] index - 
[2018-11-13T19:32:01.418] [INFO] SocketCluster - EEK6KeO7kVjLVVMoAAAA ::1 {"EIO":"3","transport":"websocket"}
[2018-11-13T19:32:02.830] [INFO] SocketCluster - IMAOPOSqaaoM2J4FAAAB ::1 {"EIO":"3","transport":"websocket"}
[2018-11-13T19:32:05.524] [INFO] SocketCluster - 1001 '66' { id: 1001, label: '大唐名探' }
[2018-11-13T19:32:16.079] [INFO] SocketCluster - 1005 '667' { id: 1005, label: '天命之女' }
[2018-11-13T19:32:31.520] [INFO] index - 
[2018-11-13T19:32:32.448] [INFO] SocketCluster - ts5hf3uHaLM4Pz28AAAA ::1 {"EIO":"3","transport":"websocket"}
[2018-11-13T19:32:33.121] [INFO] SocketCluster - 1006 '667' { id: 1006, label: '女帝辉光' }
[2018-11-13T19:33:06.011] [INFO] index - 
[2018-11-13T19:33:06.296] [INFO] SocketCluster - 9c5orO9xYmg6EKc8AAAA 127.0.0.1 {"EIO":"3","transport":"websocket"}
[2018-11-13T19:33:10.593] [INFO] SocketCluster - 1002 '666' { id: 1002, label: '逆流之时' }
[2018-11-13T19:35:07.050] [INFO] index - 
[2018-11-13T19:35:07.902] [INFO] SocketCluster - nfIawbMOnCkpEtFlAAAA ::1 {"EIO":"3","transport":"websocket"}
[2018-11-13T19:35:33.929] [INFO] SocketCluster - 1005 '666' { id: 1005, label: '天命之女' }
[2018-11-13T19:35:55.919] [INFO] SocketCluster - Ps2ix00qm_BoRzX4AAAB ::1 {"EIO":"3","transport":"websocket"}
[2018-11-13T19:37:36.925] [INFO] SocketCluster - olrkGT8w57Z53g1PAAAC ::1 {"EIO":"3","transport":"websocket"}
[2018-11-13T19:38:18.695] [INFO] SocketCluster - 4FlO1MNIyq2klcgRAAAD ::1 {"EIO":"3","transport":"websocket"}
[2018-11-13T19:38:22.135] [INFO] SocketCluster - _vMSElAyGnV1rkWHAAAE ::1 {"EIO":"3","transport":"websocket"}
[2018-11-13T19:38:24.784] [INFO] SocketCluster - 1007 '66' { id: 1007, label: '女帝威严' }
[2018-11-13T19:38:53.614] [INFO] SocketCluster - 1001 '55' { id: 1001, label: '大唐名探' }
[2018-11-13T19:38:56.624] [INFO] SocketCluster - wkx0NdjKnW-R2VP-AAAF ::1 {"EIO":"3","transport":"websocket"}
[2018-11-13T19:38:59.376] [INFO] SocketCluster - 1003 '555' { id: 1003, label: '天命之女' }
[2018-11-13T19:39:31.591] [INFO] SocketCluster - 1y1Eh5Ztun_Jho4sAAAG ::1 {"EIO":"3","transport":"websocket"}
[2018-11-13T19:39:34.711] [INFO] SocketCluster - 1002 '555' { id: 1002, label: '逆流之时' }
[2018-11-13T19:40:38.513] [INFO] SocketCluster - ZAvRz-ELuYA5NuHAAAAH ::1 {"EIO":"3","transport":"websocket"}
[2018-11-13T19:41:28.574] [INFO] SocketCluster - fz5snmJe5IfGzx36AAAI ::1 {"EIO":"3","transport":"websocket"}
[2018-11-13T19:42:24.071] [INFO] SocketCluster - CcVLGb9wduj9V7uLAAAJ ::1 {"EIO":"3","transport":"websocket"}
[2018-11-13T19:43:41.169] [INFO] SocketCluster - 3VqT9CzZRt0ZZMHDAAAK ::1 {"EIO":"3","transport":"websocket"}
[2018-11-13T19:44:10.903] [INFO] SocketCluster - PVv7F9f__3lWduiQAAAL ::1 {"EIO":"3","transport":"websocket"}
[2018-11-13T19:44:31.082] [INFO] SocketCluster - EB7aHPLacs7xfiBPAAAM ::1 {"EIO":"3","transport":"websocket"}
[2018-11-13T19:44:37.022] [INFO] SocketCluster - Q_RGsrMfW0-KbgOLAAAN ::1 {"EIO":"3","transport":"websocket"}
[2018-11-13T19:44:45.671] [INFO] index - 
[2018-11-13T19:44:46.454] [INFO] SocketCluster - GvJetAEUUlNWiWpVAAAA ::1 {"EIO":"3","transport":"websocket"}
[2018-11-13T19:44:53.954] [INFO] SocketCluster - apMaml6c6hgQg1emAAAB ::1 {"EIO":"3","transport":"websocket"}
[2018-11-13T19:45:12.203] [INFO] index - 
[2018-11-13T19:45:13.355] [INFO] SocketCluster - ZP0qsFzP0Ofcw25uAAAA ::1 {"EIO":"3","transport":"websocket"}
[2018-11-13T19:45:14.835] [INFO] SocketCluster - qUWCBHoEVmoac4JMAAAB ::1 {"EIO":"3","transport":"websocket"}
[2018-11-13T19:45:34.326] [INFO] SocketCluster - tj4-JJSSKTd4yT8tAAAC ::1 {"EIO":"3","transport":"websocket"}
[2018-11-13T19:45:37.317] [INFO] SocketCluster - uSMXiQ1k-wgZjThmAAAD ::1 {"EIO":"3","transport":"websocket"}
[2018-11-13T19:45:39.198] [INFO] SocketCluster - XbUNe2VNwSzVcl4cAAAE ::1 {"EIO":"3","transport":"websocket"}
[2018-11-13T19:47:01.262] [INFO] SocketCluster - _NdPkI52U28vM5-zAAAF ::1 {"EIO":"3","transport":"websocket"}
[2018-11-13T19:47:28.373] [INFO] SocketCluster - aceTxy0Za2JA6YwPAAAG ::1 {"EIO":"3","transport":"websocket"}
[2018-11-13T19:47:46.646] [INFO] SocketCluster - nKsMwZ6Ghm1mzEaUAAAH ::1 {"EIO":"3","transport":"websocket"}
[2018-11-13T19:47:49.746] [INFO] SocketCluster - rHrslzAm1vtMmDzpAAAI ::1 {"EIO":"3","transport":"websocket"}
[2018-11-13T19:48:04.686] [INFO] SocketCluster - Ud5r7tpth_ai1y0tAAAJ ::1 {"EIO":"3","transport":"websocket"}
[2018-11-13T19:48:41.012] [INFO] SocketCluster - XaLToJKfqd9y6ZRsAAAK ::1 {"EIO":"3","transport":"websocket"}
[2018-11-13T19:49:35.054] [INFO] SocketCluster - ZDH1T-SGLLwkLVjxAAAL ::1 {"EIO":"3","transport":"websocket"}
[2018-11-13T19:53:58.731] [INFO] SocketCluster - QCNEaEyeHcqiVKMeAAAM ::1 {"EIO":"3","transport":"websocket"}
[2018-11-13T19:54:31.718] [INFO] SocketCluster - vF6XM_SKygXbcCiPAAAN ::1 {"EIO":"3","transport":"websocket"}
[2018-11-13T19:54:34.943] [INFO] SocketCluster - Jiahpj8Bj1VXnhrRAAAO ::1 {"EIO":"3","transport":"websocket"}
[2018-11-13T19:54:51.523] [INFO] SocketCluster - SBkVTn6qhF5TU1tuAAAP ::1 {"EIO":"3","transport":"websocket"}
[2018-11-13T19:55:17.544] [INFO] SocketCluster - Px5G421YlvbwWmC1AAAQ ::1 {"EIO":"3","transport":"websocket"}
[2018-11-13T19:55:20.452] [INFO] SocketCluster - 1004 '666' { id: 1004, label: '冰雪之华' }
[2018-11-13T19:55:34.574] [INFO] SocketCluster - YSKB1ayrULBLO03vAAAR ::1 {"EIO":"3","transport":"websocket"}
[2018-11-13T19:56:12.814] [INFO] SocketCluster - Syo5sBzRBWqXthq4AAAS ::1 {"EIO":"3","transport":"websocket"}
[2018-11-13T19:56:29.961] [INFO] SocketCluster - 1005 '666' { id: 1005, label: '天命之女' }
[2018-11-13T19:57:11.350] [INFO] SocketCluster - 6VEo0oLe7xMkToxAAAAT ::1 {"EIO":"3","transport":"websocket"}
[2018-11-13T19:58:00.292] [INFO] SocketCluster - DJjxvJqC8kmjp2nXAAAU ::1 {"EIO":"3","transport":"websocket"}
[2018-11-13T19:58:23.439] [INFO] SocketCluster - eSby_PrQA6aZmzcnAAAV ::1 {"EIO":"3","transport":"websocket"}
[2018-11-13T19:58:24.487] [INFO] SocketCluster - ytuSDEi-C7fk2DaTAAAW ::1 {"EIO":"3","transport":"websocket"}
[2018-11-13T19:58:26.998] [INFO] SocketCluster - scRa_tf2EoSyn7ymAAAX ::1 {"EIO":"3","transport":"websocket"}
[2018-11-13T19:58:29.112] [INFO] SocketCluster - 1004 '666' { id: 1004, label: '冰雪之华' }
[2018-11-13T19:58:31.840] [INFO] SocketCluster - JhB1Ak96FiBl7O0iAAAY ::1 {"EIO":"3","transport":"websocket"}
[2018-11-13T19:58:36.217] [INFO] SocketCluster - 1006 '666' { id: 1006, label: '女帝辉光' }
[2018-11-13T19:59:21.997] [INFO] SocketCluster - 5hCP6MJkfeVi_-3rAAAZ ::1 {"EIO":"3","transport":"websocket"}
[2018-11-13T20:17:02.315] [INFO] SocketCluster - -IdVlkGmQEYHeaSmAAAa ::1 {"EIO":"3","transport":"websocket"}
[2018-11-13T20:17:04.051] [INFO] SocketCluster - 1001 '66' { id: 1001, label: '大唐名探' }
[2018-11-13T20:17:26.388] [INFO] SocketCluster - 5zsR9gPrh1i9dsQDAAAb ::1 {"EIO":"3","transport":"websocket"}
[2018-11-13T20:17:28.106] [INFO] SocketCluster - 1004 '666' { id: 1004, label: '冰雪之华' }
[2018-11-13T20:17:51.785] [INFO] SocketCluster - 358bljwFl70Ll0p1AAAc ::1 {"EIO":"3","transport":"websocket"}
[2018-11-13T20:17:53.168] [INFO] SocketCluster - 1007 '66' { id: 1007, label: '女帝威严' }
[2018-11-13T20:19:42.220] [INFO] SocketCluster - JLUuwH7Gagi9myEmAAAd ::1 {"EIO":"3","transport":"websocket"}
[2018-11-13T20:19:47.705] [INFO] SocketCluster - 1005 '555' { id: 1005, label: '天命之女' }
[2018-11-13T20:22:49.701] [INFO] SocketCluster - C087fgDuJ0px2rxzAAAe ::1 {"EIO":"3","transport":"websocket"}
[2018-11-13T20:22:51.427] [INFO] SocketCluster - 1004 '66' { id: 1004, label: '冰雪之华' }
[2018-11-13T20:24:07.005] [INFO] SocketCluster - yGK-vIkIJBxDvX9lAAAf ::1 {"EIO":"3","transport":"websocket"}
[2018-11-13T20:24:08.554] [INFO] SocketCluster - 1003 '66' { id: 1003, label: '天命之女' }
[2018-11-13T20:24:29.772] [INFO] SocketCluster - hoQNMXabqyqiyPkVAAAg ::1 {"EIO":"3","transport":"websocket"}
[2018-11-13T20:24:31.346] [INFO] SocketCluster - 1001 '66' { id: 1001, label: '大唐名探' }
[2018-11-13T20:24:35.584] [INFO] SocketCluster - KxPNW-wYQktHNQosAAAh ::1 {"EIO":"3","transport":"websocket"}
[2018-11-13T20:24:38.194] [INFO] SocketCluster - 1002 '666' { id: 1002, label: '逆流之时' }
[2018-11-13T20:24:40.752] [INFO] SocketCluster - Qw9jcgvf8nprtJATAAAi ::1 {"EIO":"3","transport":"websocket"}
[2018-11-13T20:24:44.816] [INFO] SocketCluster - 1002 '777' { id: 1002, label: '逆流之时' }
[2018-11-13T20:26:27.782] [INFO] SocketCluster - QBg4G-PdsOdt7Z-CAAAj ::1 {"EIO":"3","transport":"websocket"}
[2018-11-13T20:26:31.483] [INFO] SocketCluster - 1005 '666' { id: 1005, label: '天命之女' }
[2018-11-13T20:26:53.883] [INFO] SocketCluster - vgHcIUFAo6qTHiVaAAAk ::1 {"EIO":"3","transport":"websocket"}
[2018-11-13T20:26:55.418] [INFO] SocketCluster - 1007 '66' { id: 1007, label: '女帝威严' }
[2018-11-13T20:28:12.413] [INFO] SocketCluster - yuKOZLDIEhyuNi-EAAAl ::1 {"EIO":"3","transport":"websocket"}
[2018-11-13T20:28:15.349] [INFO] SocketCluster - 1007 '77' { id: 1007, label: '女帝威严' }
[2018-11-13T20:28:17.550] [INFO] SocketCluster - SzWysY7t7BmLvOPqAAAm ::1 {"EIO":"3","transport":"websocket"}
[2018-11-13T20:28:20.660] [INFO] SocketCluster - 1004 '777' { id: 1004, label: '冰雪之华' }
[2018-11-13T20:28:22.556] [INFO] SocketCluster - 2g4OUjbz60Hdah0zAAAn ::1 {"EIO":"3","transport":"websocket"}
[2018-11-13T20:28:25.732] [INFO] SocketCluster - 1006 '665' { id: 1006, label: '女帝辉光' }
[2018-11-13T20:28:27.776] [INFO] SocketCluster - mBnRs9vjx7R61pc-AAAo ::1 {"EIO":"3","transport":"websocket"}
[2018-11-13T20:28:30.980] [INFO] SocketCluster - 1006 '88' { id: 1006, label: '女帝辉光' }
[2018-11-13T20:28:33.159] [INFO] SocketCluster - 6RfKNJ71tj_kc22iAAAp ::1 {"EIO":"3","transport":"websocket"}
[2018-11-13T20:33:56.033] [INFO] SocketCluster - 1005 'yy' { id: 1005, label: '天命之女' }
[2018-11-13T20:33:59.696] [INFO] SocketCluster - 5oisFEiU83Op-3KKAAAq ::1 {"EIO":"3","transport":"websocket"}
[2018-11-13T20:34:05.439] [INFO] SocketCluster - mWF9TPrAB3tn73mDAAAr ::1 {"EIO":"3","transport":"websocket"}
[2018-11-13T20:34:32.071] [INFO] SocketCluster - euGBvwz5VpddwNslAAAs ::1 {"EIO":"3","transport":"websocket"}
[2018-11-13T20:34:50.739] [INFO] SocketCluster - nSNx5WxIOG0yZ5RBAAAt ::1 {"EIO":"3","transport":"websocket"}
[2018-11-13T20:34:52.953] [INFO] SocketCluster - 1001 '545' { id: 1001, label: '大唐名探' }
[2018-11-13T20:34:54.974] [INFO] SocketCluster - QggsHL_-GZKY42RkAAAu ::1 {"EIO":"3","transport":"websocket"}
[2018-11-13T20:37:43.954] [INFO] SocketCluster - HLWSmj4dD9iQLLfqAAAv ::1 {"EIO":"3","transport":"websocket"}
[2018-11-13T20:37:47.491] [INFO] SocketCluster - 1002 '666' { id: 1002, label: '逆流之时' }
[2018-11-13T20:37:49.960] [INFO] SocketCluster - 44OwXmOV9TMOL4abAAAw ::1 {"EIO":"3","transport":"websocket"}
[2018-11-13T20:38:07.668] [INFO] SocketCluster - _uyON_6FrjaHb6C6AAAx ::1 {"EIO":"3","transport":"websocket"}
[2018-11-13T20:38:11.740] [INFO] SocketCluster - 1006 '6777' { id: 1006, label: '女帝辉光' }
[2018-11-13T20:38:29.303] [INFO] SocketCluster - t-hs5tuf1GC5WgOXAAAy ::1 {"EIO":"3","transport":"websocket"}
[2018-11-13T20:38:32.971] [INFO] SocketCluster - 1007 '677' { id: 1007, label: '女帝威严' }
[2018-11-13T20:39:19.549] [INFO] SocketCluster - 25Y09-vw-8vUj9SaAAAz ::1 {"EIO":"3","transport":"websocket"}
[2018-11-13T20:39:23.756] [INFO] SocketCluster - 1007 '677' { id: 1007, label: '女帝威严' }
[2018-11-13T20:39:27.889] [INFO] SocketCluster - O6tV17iGr-IMWBnoAAA0 ::1 {"EIO":"3","transport":"websocket"}
[2018-11-13T20:40:00.267] [INFO] SocketCluster - Bzcw7B57QHvFCGLNAAA1 ::1 {"EIO":"3","transport":"websocket"}
[2018-11-13T20:40:05.891] [INFO] SocketCluster - 1007 '777' { id: 1007, label: '女帝威严' }
[2018-11-13T20:40:09.803] [INFO] SocketCluster - koOwfAZihUhU_tW0AAA2 ::1 {"EIO":"3","transport":"websocket"}
[2018-11-13T20:40:14.189] [INFO] SocketCluster - 1002 '89999' { id: 1002, label: '逆流之时' }
[2018-11-13T20:40:19.333] [INFO] SocketCluster - fxlzqs4aqcKWZxknAAA3 ::1 {"EIO":"3","transport":"websocket"}
[2018-11-13T20:40:23.908] [INFO] SocketCluster - 1003 '88' { id: 1003, label: '天命之女' }
[2018-11-13T20:40:27.922] [INFO] SocketCluster - rjhgr5bfUdIuXmBIAAA4 ::1 {"EIO":"3","transport":"websocket"}
[2018-11-13T20:41:02.630] [INFO] SocketCluster - VMIbMegIAjWM5M1RAAA5 ::1 {"EIO":"3","transport":"websocket"}
[2018-11-13T20:41:06.076] [INFO] SocketCluster - 1002 '777' { id: 1002, label: '逆流之时' }
[2018-11-13T20:41:08.613] [INFO] SocketCluster - i0XO_Fg1dIMp7i7tAAA6 ::1 {"EIO":"3","transport":"websocket"}
[2018-11-13T20:41:11.875] [INFO] SocketCluster - 1001 '77' { id: 1001, label: '大唐名探' }
[2018-11-13T20:41:14.312] [INFO] SocketCluster - SjYupSBbjXPjHv9oAAA7 ::1 {"EIO":"3","transport":"websocket"}
[2018-11-13T20:41:17.874] [INFO] SocketCluster - 1006 '7777' { id: 1006, label: '女帝辉光' }
[2018-11-13T20:41:23.543] [INFO] SocketCluster - GwY1-H9PK4yRcGiUAAA8 ::1 {"EIO":"3","transport":"websocket"}
[2018-11-13T20:41:27.068] [INFO] SocketCluster - 1001 '88' { id: 1001, label: '大唐名探' }
[2018-11-13T20:44:28.519] [INFO] SocketCluster - 5L8TiMIkH9NZDvyMAAA9 ::1 {"EIO":"3","transport":"websocket"}
[2018-11-13T20:44:34.512] [INFO] SocketCluster - 1002 '888' { id: 1002, label: '逆流之时' }
[2018-11-13T20:45:33.007] [INFO] SocketCluster - 9ao0BU4HrwQmc9gpAAA- ::1 {"EIO":"3","transport":"websocket"}
[2018-11-13T20:45:37.156] [INFO] SocketCluster - 1005 '999' { id: 1005, label: '天命之女' }
[2018-11-13T20:45:39.173] [INFO] SocketCluster - NdGD_BCgYSwJISD5AAA_ ::1 {"EIO":"3","transport":"websocket"}
[2018-11-13T20:45:43.296] [INFO] SocketCluster - 1003 '88' { id: 1003, label: '天命之女' }
[2018-11-13T20:45:45.355] [INFO] SocketCluster - omyVUlFQAAv9j3ZCAABA ::1 {"EIO":"3","transport":"websocket"}
[2018-11-13T20:45:47.932] [INFO] SocketCluster - 1001 '777' { id: 1001, label: '大唐名探' }
[2018-11-13T20:45:50.025] [INFO] SocketCluster - IYIVJzTtOMeDN57YAABB ::1 {"EIO":"3","transport":"websocket"}
[2018-11-13T20:45:53.164] [INFO] SocketCluster - 1006 '999' { id: 1006, label: '女帝辉光' }
[2018-11-13T20:46:20.252] [INFO] SocketCluster - kqbtOeWHW1J7QuBJAABC ::1 {"EIO":"3","transport":"websocket"}
[2018-11-13T20:46:23.171] [INFO] SocketCluster - 1002 '777' { id: 1002, label: '逆流之时' }
[2018-11-13T20:57:40.864] [INFO] SocketCluster - NSaWUrMiE7STj9gwAABD ::1 {"EIO":"3","transport":"websocket"}
[2018-11-13T20:59:13.857] [INFO] SocketCluster - rtlVTotXgk6X8gyYAABE ::1 {"EIO":"3","transport":"websocket"}
[2018-11-13T21:00:45.469] [INFO] SocketCluster - 1002 '66' { id: 1002, label: '逆流之时' }
[2018-11-13T21:02:37.861] [INFO] SocketCluster - i1wpBMoyKmLJw6u3AABF ::1 {"EIO":"3","transport":"websocket"}
[2018-11-13T21:02:41.748] [INFO] SocketCluster - 1003 '5656' { id: 1003, label: '天命之女' }
[2018-11-13T21:03:05.595] [INFO] SocketCluster - 4OKMnQgVQI04EZvpAABG ::1 {"EIO":"3","transport":"websocket"}
[2018-11-13T21:03:35.964] [INFO] SocketCluster - 5vp2MhT4uWo9Uf20AABH ::1 {"EIO":"3","transport":"websocket"}
[2018-11-13T21:03:39.012] [INFO] SocketCluster - 1002 '777' { id: 1002, label: '逆流之时' }
[2018-11-13T21:04:39.880] [INFO] SocketCluster - vEx6E57kVtt0lNvkAABI ::1 {"EIO":"3","transport":"websocket"}
[2018-11-13T21:04:42.843] [INFO] SocketCluster - 1003 '77' { id: 1003, label: '天命之女' }
[2018-11-13T21:05:40.923] [INFO] SocketCluster - 01RIOG4FhQKzJu0-AABJ ::1 {"EIO":"3","transport":"websocket"}
[2018-11-13T21:05:45.830] [INFO] SocketCluster - 1003 '哈哈哈' { id: 1003, label: '天命之女' }
[2018-11-13T21:08:09.162] [INFO] SocketCluster - 2OAdt0sOQYfJyVUpAABK ::1 {"EIO":"3","transport":"websocket"}
[2018-11-13T21:08:11.723] [INFO] SocketCluster - 1003 '777' { id: 1003, label: '天命之女' }
[2018-11-13T21:08:51.075] [INFO] SocketCluster - EMrPxfb0vK0tW7LcAABL ::1 {"EIO":"3","transport":"websocket"}
[2018-11-13T21:08:53.972] [INFO] SocketCluster - 1003 '777' { id: 1003, label: '天命之女' }
[2018-11-13T21:11:42.878] [INFO] SocketCluster - NkQZlMHOW8AXq66nAABM ::1 {"EIO":"3","transport":"websocket"}
[2018-11-13T21:11:45.355] [INFO] SocketCluster - 1003 '5656' { id: 1003, label: '天命之女' }
[2018-11-13T21:14:22.979] [INFO] SocketCluster - DRX8F6XrHrzmPLChAABN ::1 {"EIO":"3","transport":"websocket"}
[2018-11-13T21:15:26.815] [INFO] SocketCluster - m7N8KeyJSVnZehqYAABO ::1 {"EIO":"3","transport":"websocket"}
[2018-11-13T21:15:29.020] [INFO] SocketCluster - 1001 '777' { id: 1001, label: '大唐名探' }
[2018-11-13T21:16:04.165] [INFO] SocketCluster - xsyotpY4WbDG23PBAABP ::1 {"EIO":"3","transport":"websocket"}
[2018-11-13T21:16:06.820] [INFO] SocketCluster - 1003 '888' { id: 1003, label: '天命之女' }
[2018-11-13T21:19:00.631] [INFO] SocketCluster - cBH-l-1yeBLAv3OWAABQ ::1 {"EIO":"3","transport":"websocket"}
[2018-11-13T21:19:03.724] [INFO] SocketCluster - 1003 '888' { id: 1003, label: '天命之女' }
[2018-11-13T21:22:29.599] [INFO] SocketCluster - pjGCKEyW5MK47-KwAABR ::1 {"EIO":"3","transport":"websocket"}
[2018-11-13T21:22:31.655] [INFO] SocketCluster - 1002 '77' { id: 1002, label: '逆流之时' }
