[2018-11-14T10:49:09.800] [INFO] SocketCluster - 53Ui4PpAUOMiUmWvAABS ::1 {"EIO":"3","transport":"websocket"}
[2018-11-14T10:49:12.515] [INFO] SocketCluster - 1004 '555' { id: 1004, label: '冰雪之华' }
[2018-11-14T10:49:47.699] [INFO] SocketCluster - 7HdXEkdUcu4n7odpAABT ::1 {"EIO":"3","transport":"websocket"}
[2018-11-14T10:49:50.720] [INFO] SocketCluster - 1003 '5555' { id: 1003, label: '天命之女' }
[2018-11-14T11:01:27.708] [INFO] SocketCluster - RNsNP3HE9LzDzDbTAABU ::1 {"EIO":"3","transport":"websocket"}
[2018-11-14T11:01:31.123] [INFO] SocketCluster - 1003 '6666666' { id: 1003, label: '天命之女' }
[2018-11-14T11:15:40.200] [INFO] SocketCluster - hpa9UFxL7-PYZ8d4AABV ::1 {"EIO":"3","transport":"websocket"}
[2018-11-14T11:15:44.006] [INFO] SocketCluster - 1004 '666' { id: 1004, label: '冰雪之华' }
[2018-11-14T11:16:18.051] [INFO] SocketCluster - Jl1Ywqwme7m0MpgyAABW ::1 {"EIO":"3","transport":"websocket"}
[2018-11-14T11:16:29.514] [INFO] SocketCluster - 1004 '77' { id: 1004, label: '冰雪之华' }
[2018-11-14T11:17:08.194] [INFO] SocketCluster - C0-3YlPDbGHNH7kRAABX ::1 {"EIO":"3","transport":"websocket"}
[2018-11-14T11:17:11.162] [INFO] SocketCluster - 1003 '777777' { id: 1003, label: '天命之女' }
[2018-11-14T11:28:31.646] [INFO] SocketCluster - l25ocUdqir6kXihzAABY ::1 {"EIO":"3","transport":"websocket"}
[2018-11-14T11:28:46.310] [INFO] SocketCluster - 1005 '444' { id: 1005, label: '天命之女' }
[2018-11-14T11:29:04.232] [INFO] SocketCluster - h0rqzKYM5MUe1kylAABZ ::1 {"EIO":"3","transport":"websocket"}
[2018-11-14T11:29:10.131] [INFO] SocketCluster - 1003 '66' { id: 1003, label: '天命之女' }
[2018-11-14T11:29:43.286] [INFO] SocketCluster - xMGCgbyAwx6-QRoHAABa ::1 {"EIO":"3","transport":"websocket"}
[2018-11-14T11:29:48.576] [INFO] SocketCluster - 1003 '777' { id: 1003, label: '天命之女' }
[2018-11-14T11:30:38.202] [INFO] index - 
[2018-11-14T11:30:39.221] [INFO] SocketCluster - xm8mL8Wu5d2bzvzpAAAA ::1 {"EIO":"3","transport":"websocket"}
[2018-11-14T11:30:39.284] [INFO] SocketCluster - MHDjqBvuislvj0OCAAAB ::1 {"EIO":"3","transport":"websocket"}
[2018-11-14T11:30:42.784] [INFO] SocketCluster - Lli2qwnbevBDHrwpAAAC ::1 {"EIO":"3","transport":"websocket"}
[2018-11-14T11:30:48.452] [INFO] SocketCluster - C9ds1RUYF3n49sIFAAAD ::1 {"EIO":"3","transport":"websocket"}
[2018-11-14T11:30:49.708] [INFO] SocketCluster - Ah0abePOwKFJC1kVAAAE ::1 {"EIO":"3","transport":"websocket"}
[2018-11-14T11:30:53.468] [INFO] SocketCluster - 1001 '66666' { id: 1001, label: '大唐名探' }
[2018-11-14T11:31:07.657] [INFO] SocketCluster - 1001 '7777' { id: 1001, label: '大唐名探' }
[2018-11-14T11:40:46.757] [INFO] SocketCluster - f0va9CDxKHggjHMvAAAF ::1 {"EIO":"3","transport":"websocket"}
[2018-11-14T11:40:49.583] [INFO] SocketCluster - 1001 '7' { id: 1001, label: '大唐名探' }
[2018-11-14T11:44:02.493] [INFO] SocketCluster - kydJJF1dwOBo-ye7AAAG ::1 {"EIO":"3","transport":"websocket"}
[2018-11-14T11:44:05.715] [INFO] SocketCluster - 1002 '7' { id: 1002, label: '逆流之时' }
[2018-11-14T11:51:21.908] [INFO] SocketCluster - Oe-Wvoy_Cr0pNoUUAAAH ::1 {"EIO":"3","transport":"websocket"}
[2018-11-14T11:51:23.796] [INFO] SocketCluster - c97aBaZFAtn2Mqv1AAAI ::1 {"EIO":"3","transport":"websocket"}
[2018-11-14T11:51:27.742] [INFO] SocketCluster - 1001 '55' { id: 1001, label: '大唐名探' }
[2018-11-14T11:51:30.926] [INFO] SocketCluster - 1002 '55' { id: 1002, label: '逆流之时' }
[2018-11-14T11:52:16.844] [INFO] SocketCluster - r55LcOofzTUPEXaGAAAJ ::1 {"EIO":"3","transport":"websocket"}
[2018-11-14T11:52:17.878] [INFO] SocketCluster - j9pCmk4c3dLBRCSeAAAK ::1 {"EIO":"3","transport":"websocket"}
[2018-11-14T11:52:20.236] [INFO] SocketCluster - 1001 '44' { id: 1001, label: '大唐名探' }
[2018-11-14T11:52:25.198] [INFO] SocketCluster - 1001 '666' { id: 1001, label: '大唐名探' }
[2018-11-14T12:17:06.483] [INFO] SocketCluster - xqx3Y6i-gDriblzzAAAL ::1 {"EIO":"3","transport":"websocket"}
[2018-11-14T12:17:09.919] [INFO] SocketCluster - 1002 '55' { id: 1002, label: '逆流之时' }
[2018-11-14T12:17:19.927] [INFO] SocketCluster - u91uTIXjtd6axpDnAAAM ::1 {"EIO":"3","transport":"websocket"}
[2018-11-14T12:17:24.494] [INFO] SocketCluster - 1002 '4444444' { id: 1002, label: '逆流之时' }
[2018-11-14T12:17:28.998] [INFO] SocketCluster - tM43GznekSv6LlH8AAAN ::1 {"EIO":"3","transport":"websocket"}
[2018-11-14T12:17:34.399] [INFO] SocketCluster - 1002 '8888' { id: 1002, label: '逆流之时' }
[2018-11-14T12:17:36.903] [INFO] SocketCluster - VGMzaHnVoU-tNSU4AAAO ::1 {"EIO":"3","transport":"websocket"}
[2018-11-14T12:17:41.451] [INFO] SocketCluster - 1002 '8888' { id: 1002, label: '逆流之时' }
[2018-11-14T12:19:29.451] [INFO] SocketCluster - ZoSON7mMyWqITdltAAAP ::1 {"EIO":"3","transport":"websocket"}
[2018-11-14T12:19:33.031] [INFO] SocketCluster - h6YxVN35VAxWYLa1AAAQ ::1 {"EIO":"3","transport":"websocket"}
[2018-11-14T12:19:33.973] [INFO] SocketCluster - zHkliAyMlRrjo2zhAAAR ::1 {"EIO":"3","transport":"websocket"}
[2018-11-14T12:19:34.493] [INFO] SocketCluster - pRCyPy98-OkuoZZyAAAS ::1 {"EIO":"3","transport":"websocket"}
[2018-11-14T12:19:34.985] [INFO] SocketCluster - cd7cHYF7qpKi5o9iAAAT ::1 {"EIO":"3","transport":"websocket"}
[2018-11-14T12:19:35.116] [INFO] SocketCluster - u8gwU8tIkg8Qh7TIAAAU ::1 {"EIO":"3","transport":"websocket"}
[2018-11-14T12:19:35.309] [INFO] SocketCluster - xRAIzFaK0Cla2u_rAAAV ::1 {"EIO":"3","transport":"websocket"}
[2018-11-14T12:20:31.933] [INFO] index - 
[2018-11-14T12:20:32.281] [INFO] SocketCluster - VVuNFkDoTRjEgHcMAAAA ::1 {"EIO":"3","transport":"websocket"}
[2018-11-14T12:20:33.075] [INFO] SocketCluster - N3vq2jlkXwwlWRrLAAAB ::1 {"EIO":"3","transport":"websocket"}
[2018-11-14T12:21:12.309] [INFO] index - 
[2018-11-14T12:21:12.605] [INFO] SocketCluster - vOjew7Gw61gy1ijzAAAA 127.0.0.1 {"EIO":"3","transport":"websocket"}
[2018-11-14T12:21:15.255] [INFO] SocketCluster - SKcBWklFzg0pMUwNAAAB ::1 {"EIO":"3","transport":"websocket"}
[2018-11-14T12:21:15.979] [INFO] SocketCluster - RciopbP48Eek13W8AAAC ::1 {"EIO":"3","transport":"websocket"}
[2018-11-14T12:21:19.398] [INFO] SocketCluster - 1001 '7777' { id: 1001, label: '大唐名探' }
[2018-11-14T12:21:22.535] [INFO] SocketCluster - 1001 '8888' { id: 1001, label: '大唐名探' }
[2018-11-14T12:21:26.819] [INFO] SocketCluster - XZ9zFUb0Q--HYTXMAAAD ::1 {"EIO":"3","transport":"websocket"}
[2018-11-14T12:22:43.436] [INFO] index - 
[2018-11-14T12:22:43.827] [INFO] SocketCluster - IQcRcy28LV42gcJKAAAA ::1 {"EIO":"3","transport":"websocket"}
[2018-11-14T12:22:44.439] [INFO] SocketCluster - wbl4Wx5MP2Db6J6xAAAB ::1 {"EIO":"3","transport":"websocket"}
[2018-11-14T12:22:47.551] [INFO] SocketCluster - 9BVRu-8q-SF9N8XuAAAC ::1 {"EIO":"3","transport":"websocket"}
[2018-11-14T12:22:50.965] [INFO] SocketCluster - 1001 '777' { id: 1001, label: '大唐名探' }
[2018-11-14T12:22:53.456] [INFO] SocketCluster - 1001 '8888' { id: 1001, label: '大唐名探' }
[2018-11-14T12:22:55.604] [INFO] SocketCluster - e7PN6_PwZ4TPFbCRAAAD ::1 {"EIO":"3","transport":"websocket"}
[2018-11-14T12:22:58.950] [INFO] SocketCluster - 1001 '7777' { id: 1001, label: '大唐名探' }
[2018-11-14T12:23:01.258] [INFO] SocketCluster - IvyNCpOeOlvW4UGiAAAE ::1 {"EIO":"3","transport":"websocket"}
[2018-11-14T12:23:03.902] [INFO] SocketCluster - 1002 '777' { id: 1002, label: '逆流之时' }
[2018-11-14T12:23:07.905] [INFO] SocketCluster - WaWIGzLm5Jxf39UPAAAF ::1 {"EIO":"3","transport":"websocket"}
[2018-11-14T12:23:23.967] [INFO] SocketCluster - bk-XRqMwGaCI8tvYAAAG ::1 {"EIO":"3","transport":"websocket"}
[2018-11-14T12:23:31.080] [INFO] SocketCluster - MJ9H9wNw68ROewB5AAAH ::1 {"EIO":"3","transport":"websocket"}
[2018-11-14T12:23:32.374] [INFO] SocketCluster - VV9Rr_mVJOTvR7EbAAAI ::1 {"EIO":"3","transport":"websocket"}
[2018-11-14T12:23:33.556] [INFO] SocketCluster - e7Xeh1f2BkQTm0j8AAAJ ::1 {"EIO":"3","transport":"websocket"}
[2018-11-14T12:23:34.805] [INFO] SocketCluster - gBied_Ccpg5wUeHlAAAK ::1 {"EIO":"3","transport":"websocket"}
[2018-11-14T12:23:36.936] [INFO] SocketCluster - cHfA59AdYsIVt_j0AAAL ::1 {"EIO":"3","transport":"websocket"}
[2018-11-14T12:23:50.342] [INFO] index - 
[2018-11-14T12:23:50.776] [INFO] SocketCluster - mDIGY1ThcQrue-vgAAAA ::1 {"EIO":"3","transport":"websocket"}
[2018-11-14T12:23:50.778] [INFO] SocketCluster - weZA69GPH4ijlHLvAAAB ::1 {"EIO":"3","transport":"websocket"}
[2018-11-14T12:23:55.518] [INFO] SocketCluster - 4La88c32e2yMh6oTAAAC ::1 {"EIO":"3","transport":"websocket"}
[2018-11-14T12:23:57.904] [INFO] SocketCluster - 1001 '777' { id: 1001, label: '大唐名探' }
[2018-11-14T12:24:02.713] [INFO] SocketCluster - Gkg9jQ_TNzGWS5Y_AAAD ::1 {"EIO":"3","transport":"websocket"}
[2018-11-14T12:24:11.443] [INFO] SocketCluster - R-VuahDYlj4EksdDAAAE ::1 {"EIO":"3","transport":"websocket"}
[2018-11-14T12:24:29.606] [INFO] SocketCluster - 1001 '77777777' { id: 1001, label: '大唐名探' }
[2018-11-14T14:21:46.152] [INFO] SocketCluster - i1D3V0TngdCbkUUvAAAF ::1 {"EIO":"3","transport":"polling","t":"MSGuW4Y"}
[2018-11-14T14:21:46.153] [INFO] SocketCluster - E5gEFfzI9YUpHfkmAAAG ::1 {"EIO":"3","transport":"polling","t":"MSGuW4Z"}
[2018-11-14T14:21:46.736] [INFO] index - 
[2018-11-14T14:22:04.137] [INFO] index - 
[2018-11-14T14:22:23.965] [INFO] SocketCluster - sut2VRkkbDZ_ylYgAAAA ::1 {"EIO":"3","transport":"websocket"}
[2018-11-14T14:22:24.158] [INFO] SocketCluster - rr8hlxcBSRQKpwPVAAAB ::1 {"EIO":"3","transport":"websocket"}
[2018-11-14T14:22:42.359] [INFO] index - 
[2018-11-14T14:22:44.331] [INFO] SocketCluster - 0a_3cMCJIv484bttAAAA ::1 {"EIO":"3","transport":"polling","t":"MSGukHD"}
[2018-11-14T14:22:47.677] [INFO] SocketCluster - vfSNrF2VZlMHm4jJAAAB ::1 {"EIO":"3","transport":"polling","t":"MSGul5w"}
[2018-11-14T14:22:48.485] [INFO] SocketCluster - 7qRIycVXjHqQaHAdAAAC ::1 {"EIO":"3","transport":"polling","t":"MSGulIU"}
[2018-11-14T14:22:58.487] [INFO] SocketCluster - -R_qPYjmsUC6ObmvAAAD ::1 {"EIO":"3","transport":"websocket"}
[2018-11-14T14:22:58.572] [INFO] SocketCluster - LNCyn_3EcFBp0MbWAAAE ::1 {"EIO":"3","transport":"websocket"}
[2018-11-14T14:23:04.142] [INFO] index - 
[2018-11-14T14:23:05.025] [INFO] SocketCluster - iJqaW5D97Ern0d40AAAA ::1 {"EIO":"3","transport":"websocket"}
[2018-11-14T14:23:05.489] [INFO] SocketCluster - 92f7097hiKngPr94AAAB ::1 {"EIO":"3","transport":"websocket"}
[2018-11-14T14:56:29.182] [INFO] index - 
[2018-11-14T14:56:29.555] [INFO] SocketCluster - EynZEEePKTi6aQrRAAAA ::1 {"EIO":"3","transport":"websocket"}
[2018-11-14T14:56:30.129] [INFO] SocketCluster - 6qJ-QGN8GO2A1fyNAAAB ::1 {"EIO":"3","transport":"websocket"}
[2018-11-14T14:57:09.700] [INFO] index - 
[2018-11-14T14:57:10.276] [INFO] SocketCluster - uzVc8xIDBgK3ko-0AAAA ::1 {"EIO":"3","transport":"websocket"}
[2018-11-14T14:57:10.512] [INFO] SocketCluster - 6nCFrJbEbVA3rlVwAAAB ::1 {"EIO":"3","transport":"websocket"}
[2018-11-14T14:57:13.734] [INFO] SocketCluster - 1001 { uuid: 'uzVc8xIDBgK3ko-0AAAA',
  id: 1001,
  name: undefined,
  userName: '444' }
[2018-11-14T14:57:49.819] [INFO] index - 
[2018-11-14T14:57:50.088] [INFO] SocketCluster - 9Oct76TyRQyMzWqHAAAA ::1 {"EIO":"3","transport":"websocket"}
[2018-11-14T14:57:52.313] [INFO] SocketCluster - jpCSVEBCl95oRyBzAAAB ::1 {"EIO":"3","transport":"websocket"}
[2018-11-14T14:57:53.513] [INFO] SocketCluster - uBO7cpyZUfGqi9X6AAAC ::1 {"EIO":"3","transport":"websocket"}
[2018-11-14T14:57:55.184] [INFO] SocketCluster - 1001 { uuid: 'jpCSVEBCl95oRyBzAAAB',
  id: 1001,
  name: undefined,
  userName: '66' }
[2018-11-14T14:58:09.912] [INFO] index - 
[2018-11-14T14:58:10.023] [INFO] SocketCluster - 67HNzKSFLwZfRyl_AAAA ::1 {"EIO":"3","transport":"websocket"}
[2018-11-14T14:58:12.175] [INFO] SocketCluster - Alu3qy2N5nNsx4xCAAAB ::1 {"EIO":"3","transport":"websocket"}
[2018-11-14T14:58:12.512] [INFO] SocketCluster - 8IMOD9FLGtY7T9ksAAAC ::1 {"EIO":"3","transport":"websocket"}
[2018-11-14T14:58:14.621] [INFO] SocketCluster - 1001 { uuid: 'Alu3qy2N5nNsx4xCAAAB',
  id: 1001,
  name: undefined,
  userName: '66' }
[2018-11-14T14:58:33.274] [INFO] index - 
[2018-11-14T14:58:34.538] [INFO] SocketCluster - KU9_dxcBBZBGbq5cAAAA ::1 {"EIO":"3","transport":"websocket"}
[2018-11-14T14:58:36.442] [INFO] SocketCluster - _i8LLMDf2JkPWsgjAAAB ::1 {"EIO":"3","transport":"websocket"}
[2018-11-14T14:58:39.669] [INFO] SocketCluster - 1001 { uuid: '_i8LLMDf2JkPWsgjAAAB',
  id: 1001,
  name: undefined,
  userName: '6666' }
[2018-11-14T14:58:39.723] [INFO] SocketCluster - 
[2018-11-14T14:58:54.691] [INFO] index - 
[2018-11-14T14:58:55.131] [INFO] SocketCluster - mlk2ucsgMvhikWNuAAAA ::1 {"EIO":"3","transport":"websocket"}
[2018-11-14T14:58:55.516] [INFO] SocketCluster - sAaIqDlQXZnbQNz4AAAB ::1 {"EIO":"3","transport":"websocket"}
[2018-11-14T14:58:57.709] [INFO] SocketCluster - SY5Ws7mWYoEg4KR8AAAC ::1 {"EIO":"3","transport":"websocket"}
[2018-11-14T14:59:00.268] [INFO] SocketCluster - 1001 { uuid: 'SY5Ws7mWYoEg4KR8AAAC',
  id: 1001,
  name: undefined,
  userName: '55' }
[2018-11-14T14:59:12.917] [INFO] index - 
[2018-11-14T14:59:45.857] [INFO] index - 
[2018-11-14T15:00:10.770] [INFO] index - 
[2018-11-14T15:00:10.849] [INFO] SocketCluster - i9ggSZJ4nV6eIUdfAAAA ::1 {"EIO":"3","transport":"websocket"}
[2018-11-14T15:00:11.514] [INFO] SocketCluster - nZnk-FyeJqwx5nBrAAAB ::1 {"EIO":"3","transport":"websocket"}
[2018-11-14T15:00:14.258] [INFO] SocketCluster - kxVJuEOruiRolO5UAAAC ::1 {"EIO":"3","transport":"websocket"}
[2018-11-14T15:00:16.088] [INFO] SocketCluster - 1001 { uuid: 'kxVJuEOruiRolO5UAAAC',
  id: 1001,
  name: undefined,
  userName: '66' }
[2018-11-14T15:02:22.707] [INFO] index - 
[2018-11-14T15:02:24.548] [INFO] SocketCluster - kE73IuvAWH-CL7WPAAAA ::1 {"EIO":"3","transport":"websocket"}
[2018-11-14T15:02:27.377] [INFO] SocketCluster - 0NK4eT4IlHFItD-6AAAB ::1 {"EIO":"3","transport":"websocket"}
[2018-11-14T15:02:31.718] [INFO] SocketCluster - wKlMhHLXu3In42E-AAAC ::1 {"EIO":"3","transport":"websocket"}
[2018-11-14T15:02:35.595] [INFO] SocketCluster - 1001 { uuid: 'wKlMhHLXu3In42E-AAAC',
  id: 1001,
  name: undefined,
  userName: '666' }
[2018-11-14T15:02:46.808] [INFO] index - 
[2018-11-14T15:02:46.859] [INFO] SocketCluster - D9_AJqeSopky7NL1AAAA 127.0.0.1 {"EIO":"3","transport":"websocket"}
[2018-11-14T15:02:51.086] [INFO] SocketCluster - ARBKKpmCn2JOeu3bAAAB ::1 {"EIO":"3","transport":"websocket"}
[2018-11-14T15:02:52.333] [INFO] SocketCluster - s8Nb-_dxJn5peKc9AAAC ::1 {"EIO":"3","transport":"websocket"}
[2018-11-14T15:02:57.340] [INFO] SocketCluster - 1001 { uuid: 's8Nb-_dxJn5peKc9AAAC',
  id: 1001,
  name: undefined,
  userName: '666' }
[2018-11-14T15:06:11.829] [INFO] index - 
[2018-11-14T15:06:12.143] [INFO] SocketCluster - avVyAPrVO1Zs14L5AAAA 127.0.0.1 {"EIO":"3","transport":"websocket"}
[2018-11-14T15:06:14.587] [INFO] SocketCluster - JMcoNNUE_KQocsKPAAAB ::1 {"EIO":"3","transport":"websocket"}
[2018-11-14T15:07:35.921] [INFO] index - 
[2018-11-14T15:07:36.304] [INFO] SocketCluster - QU63jQpdJe3mrQgaAAAA ::1 {"EIO":"3","transport":"websocket"}
[2018-11-14T15:07:36.532] [INFO] SocketCluster - oPuNVlPl5_doUxVpAAAB ::1 {"EIO":"3","transport":"websocket"}
[2018-11-14T15:07:42.770] [INFO] index - 
[2018-11-14T15:07:43.541] [INFO] SocketCluster - LEZk6ceTzbasbOshAAAA ::1 {"EIO":"3","transport":"websocket"}
[2018-11-14T15:07:43.770] [INFO] SocketCluster - IVnqD8fUfx8_-t5rAAAB ::1 {"EIO":"3","transport":"websocket"}
[2018-11-14T15:07:52.875] [INFO] SocketCluster - ONYGxYK12hW-WzteAAAC ::1 {"EIO":"3","transport":"websocket"}
[2018-11-14T15:07:57.244] [INFO] SocketCluster - 1001 { uuid: 'ONYGxYK12hW-WzteAAAC',
  id: 1001,
  name: undefined,
  userName: 'gg' }
[2018-11-14T17:31:34.505] [INFO] index - 
[2018-11-14T17:31:35.676] [INFO] SocketCluster - 609t1OAYfjeG_JMGAAAA ::1 {"EIO":"3","transport":"websocket"}
[2018-11-14T17:31:35.681] [INFO] SocketCluster - iQIV4LbJWtnJxhF8AAAB ::1 {"EIO":"3","transport":"websocket"}
[2018-11-14T17:31:39.453] [INFO] SocketCluster - urDf4X08kySDGcXrAAAC ::1 {"EIO":"3","transport":"websocket"}
[2018-11-14T17:31:41.407] [INFO] SocketCluster - 1001 { uuid: 'urDf4X08kySDGcXrAAAC',
  id: 1001,
  name: '大唐名探',
  userName: '55' }
[2018-11-14T17:32:19.769] [INFO] index - 
[2018-11-14T17:32:21.671] [INFO] SocketCluster - XveiaMiKb3BB1vUzAAAA ::1 {"EIO":"3","transport":"websocket"}
[2018-11-14T17:32:22.915] [INFO] SocketCluster - CrGTfMZp2G5g5OksAAAB ::1 {"EIO":"3","transport":"websocket"}
[2018-11-14T17:32:24.273] [INFO] SocketCluster - MfLaPNaPS_NsaSjkAAAC ::1 {"EIO":"3","transport":"websocket"}
[2018-11-14T18:59:02.854] [INFO] index - 
[2018-11-14T18:59:03.067] [INFO] SocketCluster - xfT9OWj-hVa1HpEqAAAA 127.0.0.1 {"EIO":"3","transport":"websocket"}
[2018-11-14T18:59:07.599] [INFO] SocketCluster - snwUs3_22wZVgjodAAAB ::1 {"EIO":"3","transport":"websocket"}
[2018-11-14T18:59:07.888] [INFO] index - 
